<?xml version="1.0" encoding="UTF-8"?>
<!-- Generated by org.testng.reporters.JUnitReportReporter -->
<testsuite skipped="0" hostname="DESKTOP-A7FDJQN" name="ParameterWithTestNGXML" tests="1" failures="0" timestamp="2023-06-14T13:59:10 IST" time="9.532" errors="0">
  <testcase name="testParameterWithXML" time="9.532" classname="ParameterWithTestNGXML"/>
  <system-out/>
</testsuite> <!-- ParameterWithTestNGXML -->
