<?xml version="1.0" encoding="UTF-8"?>
<!-- Generated by org.testng.reporters.JUnitReportReporter -->
<testsuite hostname="DESKTOP-A7FDJQN" failures="0" tests="1" name="ParameterWithTestNGXML" time="17.126" errors="0" timestamp="2023-06-28T18:41:41 IST" skipped="0">
  <testcase classname="ParameterWithTestNGXML" name="testParameterWithXML" time="17.126"/>
  <system-out/>
</testsuite> <!-- ParameterWithTestNGXML -->
